# JRE version: Java(TM) SE Runtime Environment (8.0_202-b08) (build 1.8.0_202-b08)
# Java VM: Java HotSpot(TM) 64-Bit Server VM (25.202-b08 mixed mode windows-amd64 compressed oops)
Heap:
 PSYoungGen      total 38400K, used 35838K [0x00000000eaf00000, 0x00000000efe00000, 0x0000000100000000)
  eden space 31744K, 91% used [0x00000000eaf00000,0x00000000ecb83840,0x00000000ece00000)
  from space 6656K, 99% used [0x00000000ece00000,0x00000000ed47c010,0x00000000ed480000)
  to   space 8704K, 0% used [0x00000000ef580000,0x00000000ef580000,0x00000000efe00000)
 ParOldGen       total 44032K, used 9856K [0x00000000c0c00000, 0x00000000c3700000, 0x00000000eaf00000)
  object space 44032K, 22% used [0x00000000c0c00000,0x00000000c15a01f0,0x00000000c3700000)
 Metaspace       used 15248K, capacity 15470K, committed 15872K, reserved 1062912K
  class space    used 1842K, capacity 1941K, committed 2048K, reserved 1048576K
GC Heap History (10 events):
Event: 2.213 GC heap before
{Heap before GC invocations=3 (full 0):
 PSYoungGen      total 18944K, used 18919K [0x00000000eaf00000, 0x00000000ec400000, 0x0000000100000000)
  eden space 16384K, 100% used [0x00000000eaf00000,0x00000000ebf00000,0x00000000ebf00000)
  from space 2560K, 99% used [0x00000000ec180000,0x00000000ec3f9e08,0x00000000ec400000)
  to   space 2560K, 0% used [0x00000000ebf00000,0x00000000ebf00000,0x00000000ec180000)
 ParOldGen       total 44032K, used 1252K [0x00000000c0c00000, 0x00000000c3700000, 0x00000000eaf00000)
  object space 44032K, 2% used [0x00000000c0c00000,0x00000000c0d39170,0x00000000c3700000)
 Metaspace       used 9625K, capacity 9748K, committed 9984K, reserved 1058816K
  class space    used 1177K, capacity 1245K, committed 1280K, reserved 1048576K
Event: 2.217 GC heap after
Heap after GC invocations=3 (full 0):
 PSYoungGen      total 18944K, used 2549K [0x00000000eaf00000, 0x00000000ec400000, 0x0000000100000000)
  eden space 16384K, 0% used [0x00000000eaf00000,0x00000000eaf00000,0x00000000ebf00000)
  from space 2560K, 99% used [0x00000000ebf00000,0x00000000ec17d428,0x00000000ec180000)
  to   space 2560K, 0% used [0x00000000ec180000,0x00000000ec180000,0x00000000ec400000)
 ParOldGen       total 44032K, used 2955K [0x00000000c0c00000, 0x00000000c3700000, 0x00000000eaf00000)
  object space 44032K, 6% used [0x00000000c0c00000,0x00000000c0ee2ea8,0x00000000c3700000)
 Metaspace       used 9625K, capacity 9748K, committed 9984K, reserved 1058816K
  class space    used 1177K, capacity 1245K, committed 1280K, reserved 1048576K
}
Event: 2.497 GC heap before
{Heap before GC invocations=4 (full 0):
 PSYoungGen      total 18944K, used 18933K [0x00000000eaf00000, 0x00000000ec400000, 0x0000000100000000)
  eden space 16384K, 100% used [0x00000000eaf00000,0x00000000ebf00000,0x00000000ebf00000)
  from space 2560K, 99% used [0x00000000ebf00000,0x00000000ec17d428,0x00000000ec180000)
  to   space 2560K, 0% used [0x00000000ec180000,0x00000000ec180000,0x00000000ec400000)
 ParOldGen       total 44032K, used 2955K [0x00000000c0c00000, 0x00000000c3700000, 0x00000000eaf00000)
  object space 44032K, 6% used [0x00000000c0c00000,0x00000000c0ee2ea8,0x00000000c3700000)
 Metaspace       used 11283K, capacity 11496K, committed 11776K, reserved 1058816K
  class space    used 1416K, capacity 1508K, committed 1536K, reserved 1048576K
Event: 2.504 GC heap after
Heap after GC invocations=4 (full 0):
 PSYoungGen      total 18944K, used 2544K [0x00000000eaf00000, 0x00000000ed400000, 0x0000000100000000)
  eden space 16384K, 0% used [0x00000000eaf00000,0x00000000eaf00000,0x00000000ebf00000)
  from space 2560K, 99% used [0x00000000ec180000,0x00000000ec3fc030,0x00000000ec400000)
  to   space 2560K, 0% used [0x00000000ebf00000,0x00000000ebf00000,0x00000000ec180000)
 ParOldGen       total 44032K, used 4947K [0x00000000c0c00000, 0x00000000c3700000, 0x00000000eaf00000)
  object space 44032K, 11% used [0x00000000c0c00000,0x00000000c10d4dd0,0x00000000c3700000)
 Metaspace       used 11283K, capacity 11496K, committed 11776K, reserved 1058816K
  class space    used 1416K, capacity 1508K, committed 1536K, reserved 1048576K
}
Event: 2.952 GC heap before
{Heap before GC invocations=5 (full 0):
 PSYoungGen      total 18944K, used 18928K [0x00000000eaf00000, 0x00000000ed400000, 0x0000000100000000)
  eden space 16384K, 100% used [0x00000000eaf00000,0x00000000ebf00000,0x00000000ebf00000)
  from space 2560K, 99% used [0x00000000ec180000,0x00000000ec3fc030,0x00000000ec400000)
  to   space 2560K, 0% used [0x00000000ebf00000,0x00000000ebf00000,0x00000000ec180000)
 ParOldGen       total 44032K, used 4947K [0x00000000c0c00000, 0x00000000c3700000, 0x00000000eaf00000)
  object space 44032K, 11% used [0x00000000c0c00000,0x00000000c10d4dd0,0x00000000c3700000)
 Metaspace       used 13398K, capacity 13642K, committed 13952K, reserved 1060864K
  class space    used 1689K, capacity 1807K, committed 1920K, reserved 1048576K
Event: 2.960 GC heap after
Heap after GC invocations=5 (full 0):
 PSYoungGen      total 18944K, used 2560K [0x00000000eaf00000, 0x00000000eda00000, 0x0000000100000000)
  eden space 16384K, 0% used [0x00000000eaf00000,0x00000000eaf00000,0x00000000ebf00000)
  from space 2560K, 100% used [0x00000000ebf00000,0x00000000ec180000,0x00000000ec180000)
  to   space 5632K, 0% used [0x00000000ed480000,0x00000000ed480000,0x00000000eda00000)
 ParOldGen       total 44032K, used 7316K [0x00000000c0c00000, 0x00000000c3700000, 0x00000000eaf00000)
  object space 44032K, 16% used [0x00000000c0c00000,0x00000000c1325078,0x00000000c3700000)
 Metaspace       used 13398K, capacity 13642K, committed 13952K, reserved 1060864K
  class space    used 1689K, capacity 1807K, committed 1920K, reserved 1048576K
}
Event: 3.915 GC heap before
{Heap before GC invocations=6 (full 0):
 PSYoungGen      total 18944K, used 18944K [0x00000000eaf00000, 0x00000000eda00000, 0x0000000100000000)
  eden space 16384K, 100% used [0x00000000eaf00000,0x00000000ebf00000,0x00000000ebf00000)
  from space 2560K, 100% used [0x00000000ebf00000,0x00000000ec180000,0x00000000ec180000)
  to   space 5632K, 0% used [0x00000000ed480000,0x00000000ed480000,0x00000000eda00000)
 ParOldGen       total 44032K, used 7316K [0x00000000c0c00000, 0x00000000c3700000, 0x00000000eaf00000)
  object space 44032K, 16% used [0x00000000c0c00000,0x00000000c1325078,0x00000000c3700000)
 Metaspace       used 14661K, capacity 14856K, committed 14976K, reserved 1062912K
  class space    used 1809K, capacity 1908K, committed 1920K, reserved 1048576K
Event: 3.931 GC heap after
Heap after GC invocations=6 (full 0):
 PSYoungGen      total 37376K, used 5624K [0x00000000eaf00000, 0x00000000edc00000, 0x0000000100000000)
  eden space 31744K, 0% used [0x00000000eaf00000,0x00000000eaf00000,0x00000000ece00000)
  from space 5632K, 99% used [0x00000000ed480000,0x00000000ed9fe3e0,0x00000000eda00000)
  to   space 6656K, 0% used [0x00000000ece00000,0x00000000ece00000,0x00000000ed480000)
 ParOldGen       total 44032K, used 7429K [0x00000000c0c00000, 0x00000000c3700000, 0x00000000eaf00000)
  object space 44032K, 16% used [0x00000000c0c00000,0x00000000c1341508,0x00000000c3700000)
 Metaspace       used 14661K, capacity 14856K, committed 14976K, reserved 1062912K
  class space    used 1809K, capacity 1908K, committed 1920K, reserved 1048576K
}
Event: 12.755 GC heap before
{Heap before GC invocations=7 (full 0):
 PSYoungGen      total 37376K, used 37368K [0x00000000eaf00000, 0x00000000edc00000, 0x0000000100000000)
  eden space 31744K, 100% used [0x00000000eaf00000,0x00000000ece00000,0x00000000ece00000)
  from space 5632K, 99% used [0x00000000ed480000,0x00000000ed9fe3e0,0x00000000eda00000)
  to   space 6656K, 0% used [0x00000000ece00000,0x00000000ece00000,0x00000000ed480000)
 ParOldGen       total 44032K, used 7429K [0x00000000c0c00000, 0x00000000c3700000, 0x00000000eaf00000)
  object space 44032K, 16% used [0x00000000c0c00000,0x00000000c1341508,0x00000000c3700000)
 Metaspace       used 15057K, capacity 15278K, committed 15616K, reserved 1062912K
  class space    used 1830K, capacity 1941K, committed 2048K, reserved 1048576K
Event: 12.780 GC heap after
Heap after GC invocations=7 (full 0):
 PSYoungGen      total 38400K, used 6640K [0x00000000eaf00000, 0x00000000efe00000, 0x0000000100000000)
  eden space 31744K, 0% used [0x00000000eaf00000,0x00000000eaf00000,0x00000000ece00000)
  from space 6656K, 99% used [0x00000000ece00000,0x00000000ed47c010,0x00000000ed480000)
  to   space 8704K, 0% used [0x00000000ef580000,0x00000000ef580000,0x00000000efe00000)
 ParOldGen       total 44032K, used 9856K [0x00000000c0c00000, 0x00000000c3700000, 0x00000000eaf00000)
  object space 44032K, 22% used [0x00000000c0c00000,0x00000000c15a01f0,0x00000000c3700000)
 Metaspace       used 15057K, capacity 15278K, committed 15616K, reserved 1062912K
  class space    used 1830K, capacity 1941K, committed 2048K, reserved 1048576K
}

